<?xml version="1.0" encoding="UTF-8"?>
<coverage generated="1603953891476" clover="3.2.0">
  <project timestamp="1603953891476" name="All files">
    <metrics statements="8" coveredstatements="8" conditionals="4" coveredconditionals="3" methods="6" coveredmethods="6" elements="18" coveredelements="17" complexity="0" loc="8" ncloc="8" packages="3" files="3" classes="3"/>
    <package name="pages.test-jest.components.test-click">
      <metrics statements="6" coveredstatements="6" conditionals="0" coveredconditionals="0" methods="4" coveredmethods="4"/>
      <file name="index.jsx" path="C:\Users\bigdata\Desktop\icsapp-webpack\src\pages\test-jest\components\test-click\index.jsx">
        <metrics statements="6" coveredstatements="6" conditionals="0" coveredconditionals="0" methods="4" coveredmethods="4"/>
        <line num="5" count="1" type="stmt"/>
        <line num="6" count="1" type="stmt"/>
        <line num="12" count="1" type="stmt"/>
        <line num="18" count="1" type="stmt"/>
        <line num="25" count="3" type="stmt"/>
        <line num="26" count="3" type="stmt"/>
      </file>
    </package>
    <package name="pages.test-jest.components.test-props">
      <metrics statements="1" coveredstatements="1" conditionals="0" coveredconditionals="0" methods="1" coveredmethods="1"/>
      <file name="index.jsx" path="C:\Users\bigdata\Desktop\icsapp-webpack\src\pages\test-jest\components\test-props\index.jsx">
        <metrics statements="1" coveredstatements="1" conditionals="0" coveredconditionals="0" methods="1" coveredmethods="1"/>
        <line num="5" count="1" type="stmt"/>
      </file>
    </package>
    <package name="tools">
      <metrics statements="1" coveredstatements="1" conditionals="4" coveredconditionals="3" methods="1" coveredmethods="1"/>
      <file name="string-util.js" path="C:\Users\bigdata\Desktop\icsapp-webpack\src\tools\string-util.js">
        <metrics statements="1" coveredstatements="1" conditionals="4" coveredconditionals="3" methods="1" coveredmethods="1"/>
        <line num="2" count="3" type="cond" truecount="3" falsecount="1"/>
      </file>
    </package>
  </project>
</coverage>
