{"C:\\Users\\bigdata\\Desktop\\icsapp-webpack\\src\\pages\\test-jest\\components\\test-click\\index.jsx": {"path":"C:\\Users\\bigdata\\Desktop\\icsapp-webpack\\src\\pages\\test-jest\\components\\test-click\\index.jsx","statementMap":{"0":{"start":{"line":5,"column":8},"end":{"line":5,"column":21}},"1":{"start":{"line":6,"column":8},"end":{"line":8,"column":10}},"2":{"start":{"line":12,"column":8},"end":{"line":14,"column":11}},"3":{"start":{"line":18,"column":8},"end":{"line":20,"column":11}},"4":{"start":{"line":25,"column":26},"end":{"line":25,"column":36}},"5":{"start":{"line":26,"column":8},"end":{"line":31,"column":9}}},"fnMap":{"0":{"name":"(anonymous_0)","decl":{"start":{"line":4,"column":4},"end":{"line":4,"column":5}},"loc":{"start":{"line":4,"column":23},"end":{"line":9,"column":5}},"line":4},"1":{"name":"(anonymous_1)","decl":{"start":{"line":11,"column":4},"end":{"line":11,"column":5}},"loc":{"start":{"line":11,"column":22},"end":{"line":15,"column":5}},"line":11},"2":{"name":"(anonymous_2)","decl":{"start":{"line":17,"column":4},"end":{"line":17,"column":5}},"loc":{"start":{"line":17,"column":16},"end":{"line":21,"column":5}},"line":17},"3":{"name":"(anonymous_3)","decl":{"start":{"line":24,"column":4},"end":{"line":24,"column":5}},"loc":{"start":{"line":24,"column":13},"end":{"line":32,"column":5}},"line":24}},"branchMap":{},"s":{"0":1,"1":1,"2":1,"3":1,"4":3,"5":3},"f":{"0":1,"1":1,"2":1,"3":3},"b":{},"_coverageSchema":"1a1c01bbd47fc00a2c39e90264f33305004495a9","hash":"848b9814cbb1ec017a45bc0e1cc72b7168d3498d"}
,"C:\\Users\\bigdata\\Desktop\\icsapp-webpack\\src\\pages\\test-jest\\components\\test-props\\index.jsx": {"path":"C:\\Users\\bigdata\\Desktop\\icsapp-webpack\\src\\pages\\test-jest\\components\\test-props\\index.jsx","statementMap":{"0":{"start":{"line":5,"column":8},"end":{"line":5,"column":49}}},"fnMap":{"0":{"name":"(anonymous_0)","decl":{"start":{"line":4,"column":4},"end":{"line":4,"column":5}},"loc":{"start":{"line":4,"column":13},"end":{"line":6,"column":5}},"line":4}},"branchMap":{},"s":{"0":1},"f":{"0":1},"b":{},"_coverageSchema":"1a1c01bbd47fc00a2c39e90264f33305004495a9","hash":"b968ad57b67b7887e9dc5099b261c879752885ce"}
,"C:\\Users\\bigdata\\Desktop\\icsapp-webpack\\src\\tools\\string-util.js": {"path":"C:\\Users\\bigdata\\Desktop\\icsapp-webpack\\src\\tools\\string-util.js","statementMap":{"0":{"start":{"line":2,"column":4},"end":{"line":2,"column":100}}},"fnMap":{"0":{"name":"isEmpty","decl":{"start":{"line":1,"column":16},"end":{"line":1,"column":23}},"loc":{"start":{"line":1,"column":32},"end":{"line":3,"column":1}},"line":1}},"branchMap":{"0":{"loc":{"start":{"line":2,"column":11},"end":{"line":2,"column":99}},"type":"binary-expr","locations":[{"start":{"line":2,"column":11},"end":{"line":2,"column":26}},{"start":{"line":2,"column":30},"end":{"line":2,"column":50}},{"start":{"line":2,"column":54},"end":{"line":2,"column":76}},{"start":{"line":2,"column":80},"end":{"line":2,"column":99}}],"line":2}},"s":{"0":3},"f":{"0":3},"b":{"0":[3,2,1,0]},"_coverageSchema":"1a1c01bbd47fc00a2c39e90264f33305004495a9","hash":"5049b551c9b319847b89da873797dc829ef33c1b"}
}
