TN:
SF:src\pages\test-jest\components\test-click\index.jsx
FN:4,(anonymous_0)
FN:11,(anonymous_1)
FN:17,(anonymous_2)
FN:24,(anonymous_3)
FNF:4
FNH:4
FNDA:1,(anonymous_0)
FNDA:1,(anonymous_1)
FNDA:1,(anonymous_2)
FNDA:3,(anonymous_3)
DA:5,1
DA:6,1
DA:12,1
DA:18,1
DA:25,3
DA:26,3
LF:6
LH:6
BRF:0
BRH:0
end_of_record
TN:
SF:src\pages\test-jest\components\test-props\index.jsx
FN:4,(anonymous_0)
FNF:1
FNH:1
FNDA:1,(anonymous_0)
DA:5,1
LF:1
LH:1
BRF:0
BRH:0
end_of_record
TN:
SF:src\tools\string-util.js
FN:1,isEmpty
FNF:1
FNH:1
FNDA:3,isEmpty
DA:2,3
LF:1
LH:1
BRDA:2,0,0,3
BRDA:2,0,1,2
BRDA:2,0,2,1
BRDA:2,0,3,0
BRF:4
BRH:3
end_of_record
